<?xml version="1.0" encoding="UTF-8"?>
<!-- Generated by org.testng.reporters.JUnitXMLReporter -->
<testsuite ignored="0" hostname="DESKTOP-DOUR4FQ" failures="0" tests="4" name="Command line test" time="0.046" errors="0" timestamp="2021-12-29T20:28:15 EET">
  <testcase classname="testngTest.MyFirstTest" name="firstMethod" time="0.004"/>
  <testcase classname="testngTest.MyFirstTest" name="aNewTest" time="0.0"/>
  <testcase classname="testngTest.MyFirstTest" name="secondMethod" time="0.0"/>
  <testcase classname="testngTest.MySecondTest" name="secondTest" time="0.0"/>
</testsuite> <!-- Command line test -->
