<?xml version="1.0" encoding="UTF-8"?>
<testng-results ignored="0" total="1" passed="1" failed="0" skipped="0">
  <reporter-output>
  </reporter-output>
  <suite started-at="2021-12-21T20:52:10 EET" name="Surefire suite" finished-at="2021-12-21T20:52:10 EET" duration-ms="44">
    <groups>
    </groups>
    <test started-at="2021-12-21T20:52:10 EET" name="Surefire test" finished-at="2021-12-21T20:52:10 EET" duration-ms="44">
      <class name="automation.newlesson.mvnTest.MvnTest">
        <test-method signature="mvnTest()[pri:0, instance:automation.newlesson.mvnTest.MvnTest@2d2e5f00]" started-at="2021-12-21T20:52:10 EET" name="mvnTest" finished-at="2021-12-21T20:52:10 EET" duration-ms="5" status="PASS">
          <reporter-output>
          </reporter-output>
        </test-method> <!-- mvnTest -->
      </class> <!-- automation.newlesson.mvnTest.MvnTest -->
    </test> <!-- Surefire test -->
  </suite> <!-- Surefire suite -->
</testng-results>
